<?xml version="1.0" encoding="UTF-8"?>
<!-- Generated by org.testng.reporters.JUnitXMLReporter -->
<testsuite ignored="2" hostname="DESKTOP-7SIFO9D" failures="0" tests="4" name="Test" time="51.944" errors="0" timestamp="2022-09-11T11:19:00 IST">
  <testcase classname="testCases.SimplilearnLoginTest" name="Test1" time="9.663"/>
  <testcase classname="testCases.SimplilearnLoginTest" name="Test2" time="9.825"/>
  <testcase classname="testCases.SimplilearnLoginTest" name="Test3" time="8.545"/>
  <testcase classname="testCases.HomeTest" name="Test1" time="0.002"/>
  <testcase classname="testCases.BaseClass" name="@AfterTest DataClean" time="0.0">
    <ignored/>
  </testcase> <!-- @AfterTest DataClean -->
  <testcase classname="testCases.BaseClass" name="@BeforeTest DataSetup" time="0.0">
    <ignored/>
  </testcase> <!-- @BeforeTest DataSetup -->
</testsuite> <!-- Test -->
