<?xml version="1.0" encoding="UTF-8"?>
<!-- Generated by org.testng.reporters.JUnitXMLReporter -->
<testsuite ignored="0" hostname="DESKTOP-7SIFO9D" failures="0" tests="3" name="Test" time="39.575" errors="0" timestamp="17 Sep 2022 04:39:07 GMT">
  <testcase classname="testCases.SimplilearnLoginTest" name="Test1" time="9.892"/>
  <testcase classname="testCases.SimplilearnLoginTest" name="Test2" time="8.902"/>
  <testcase classname="testCases.SimplilearnLoginTest" name="Test3" time="6.881"/>
</testsuite> <!-- Test -->
