<?xml version="1.0" encoding="UTF-8"?>
<!-- Generated by org.testng.reporters.JUnitXMLReporter -->
<testsuite hostname="DESKTOP-7SIFO9D" ignored="0" name="Test" tests="3" failures="0" timestamp="18 Sep 2022 06:35:24 GMT" time="52.584" errors="0">
  <testcase name="Test1" time="11.671" classname="testCases.SimplilearnLoginTest"/>
  <testcase name="Test2" time="10.833" classname="testCases.SimplilearnLoginTest"/>
  <testcase name="Test3" time="9.982" classname="testCases.SimplilearnLoginTest"/>
</testsuite> <!-- Test -->
