<?xml version="1.0" encoding="UTF-8"?>
<!-- Generated by org.testng.reporters.JUnitXMLReporter -->
<testsuite hostname="DESKTOP-7SIFO9D" ignored="0" name="Test" tests="3" failures="0" timestamp="2022-09-10T12:44:41 IST" time="65.986" errors="0">
  <testcase name="Test1" time="0.002" classname="testCases.HomeTest"/>
  <testcase name="Test1" time="14.706" classname="testCases.SimplilearnLoginTest"/>
  <testcase name="Test2" time="19.02" classname="testCases.SimplilearnLoginTest"/>
</testsuite> <!-- Test -->
