<?xml version="1.0" encoding="UTF-8"?>
<testng-results skipped="0" failed="0" ignored="0" total="3" passed="3">
  <reporter-output>
  </reporter-output>
  <suite name="Suite" duration-ms="52584" started-at="2022-09-18T06:34:31Z" finished-at="2022-09-18T06:35:24Z">
    <groups>
    </groups>
    <test name="Test" duration-ms="52584" started-at="2022-09-18T06:34:31Z" finished-at="2022-09-18T06:35:24Z">
      <class name="testCases.SimplilearnLoginTest">
        <test-method status="PASS" signature="DataSetup()[pri:0, instance:testCases.SimplilearnLoginTest@69b794e2]" name="DataSetup" is-config="true" duration-ms="1178" started-at="2022-09-18T06:34:31Z" finished-at="2022-09-18T06:34:32Z">
          <reporter-output>
          </reporter-output>
        </test-method> <!-- DataSetup -->
        <test-method status="PASS" signature="setup(java.lang.reflect.Method)[pri:0, instance:testCases.SimplilearnLoginTest@69b794e2]" name="setup" is-config="true" duration-ms="7703" started-at="2022-09-18T06:34:32Z" finished-at="2022-09-18T06:34:40Z">
          <params>
            <param index="0">
              <value>
                <![CDATA[public void testCases.SimplilearnLoginTest.Test1()]]>
              </value>
            </param>
          </params>
          <reporter-output>
          </reporter-output>
        </test-method> <!-- setup -->
        <test-method status="PASS" signature="Test1()[pri:0, instance:testCases.SimplilearnLoginTest@69b794e2]" name="Test1" duration-ms="11671" started-at="2022-09-18T06:34:40Z" finished-at="2022-09-18T06:34:52Z">
          <reporter-output>
          </reporter-output>
        </test-method> <!-- Test1 -->
        <test-method status="PASS" signature="TearDown()[pri:0, instance:testCases.SimplilearnLoginTest@69b794e2]" name="TearDown" is-config="true" duration-ms="218" started-at="2022-09-18T06:34:52Z" finished-at="2022-09-18T06:34:52Z">
          <reporter-output>
          </reporter-output>
        </test-method> <!-- TearDown -->
        <test-method status="PASS" signature="setup(java.lang.reflect.Method)[pri:0, instance:testCases.SimplilearnLoginTest@69b794e2]" name="setup" is-config="true" duration-ms="3798" started-at="2022-09-18T06:34:52Z" finished-at="2022-09-18T06:34:56Z">
          <params>
            <param index="0">
              <value>
                <![CDATA[public void testCases.SimplilearnLoginTest.Test2(java.lang.String,java.lang.String)]]>
              </value>
            </param>
          </params>
          <reporter-output>
          </reporter-output>
        </test-method> <!-- setup -->
        <test-method status="PASS" signature="Test2(java.lang.String, java.lang.String)[pri:0, instance:testCases.SimplilearnLoginTest@69b794e2]" name="Test2" duration-ms="10833" started-at="2022-09-18T06:34:56Z" finished-at="2022-09-18T06:35:07Z">
          <params>
            <param index="0">
              <value>
                <![CDATA[abc@xyz.com]]>
              </value>
            </param>
            <param index="1">
              <value>
                <![CDATA[Abc@1234]]>
              </value>
            </param>
          </params>
          <reporter-output>
          </reporter-output>
        </test-method> <!-- Test2 -->
        <test-method status="PASS" signature="TearDown()[pri:0, instance:testCases.SimplilearnLoginTest@69b794e2]" name="TearDown" is-config="true" duration-ms="2399" started-at="2022-09-18T06:35:07Z" finished-at="2022-09-18T06:35:09Z">
          <reporter-output>
          </reporter-output>
        </test-method> <!-- TearDown -->
        <test-method status="PASS" signature="setup(java.lang.reflect.Method)[pri:0, instance:testCases.SimplilearnLoginTest@69b794e2]" name="setup" is-config="true" duration-ms="4068" started-at="2022-09-18T06:35:09Z" finished-at="2022-09-18T06:35:13Z">
          <params>
            <param index="0">
              <value>
                <![CDATA[public void testCases.SimplilearnLoginTest.Test3()]]>
              </value>
            </param>
          </params>
          <reporter-output>
          </reporter-output>
        </test-method> <!-- setup -->
        <test-method status="PASS" signature="Test3()[pri:0, instance:testCases.SimplilearnLoginTest@69b794e2]" name="Test3" duration-ms="9982" started-at="2022-09-18T06:35:13Z" finished-at="2022-09-18T06:35:23Z">
          <reporter-output>
          </reporter-output>
        </test-method> <!-- Test3 -->
        <test-method status="PASS" signature="TearDown()[pri:0, instance:testCases.SimplilearnLoginTest@69b794e2]" name="TearDown" is-config="true" duration-ms="196" started-at="2022-09-18T06:35:23Z" finished-at="2022-09-18T06:35:23Z">
          <reporter-output>
          </reporter-output>
        </test-method> <!-- TearDown -->
        <test-method status="PASS" signature="DataClean()[pri:0, instance:testCases.SimplilearnLoginTest@69b794e2]" name="DataClean" is-config="true" duration-ms="513" started-at="2022-09-18T06:35:23Z" finished-at="2022-09-18T06:35:24Z">
          <reporter-output>
          </reporter-output>
        </test-method> <!-- DataClean -->
      </class> <!-- testCases.SimplilearnLoginTest -->
    </test> <!-- Test -->
  </suite> <!-- Suite -->
</testng-results>
