<?xml version="1.0" encoding="UTF-8"?>
<testng-results ignored="0" total="3" passed="3" failed="0" skipped="0">
  <reporter-output>
  </reporter-output>
  <suite started-at="2022-09-17T04:38:27Z" name="Suite" finished-at="2022-09-17T04:39:07Z" duration-ms="39575">
    <groups>
    </groups>
    <test started-at="2022-09-17T04:38:27Z" name="Test" finished-at="2022-09-17T04:39:07Z" duration-ms="39575">
      <class name="testCases.SimplilearnLoginTest">
        <test-method is-config="true" signature="DataSetup()[pri:0, instance:testCases.SimplilearnLoginTest@56c4278e]" started-at="2022-09-17T04:38:27Z" name="DataSetup" finished-at="2022-09-17T04:38:28Z" duration-ms="1113" status="PASS">
          <reporter-output>
          </reporter-output>
        </test-method> <!-- DataSetup -->
        <test-method is-config="true" signature="setup(java.lang.reflect.Method)[pri:0, instance:testCases.SimplilearnLoginTest@56c4278e]" started-at="2022-09-17T04:38:28Z" name="setup" finished-at="2022-09-17T04:38:32Z" duration-ms="3427" status="PASS">
          <params>
            <param index="0">
              <value>
                <![CDATA[public void testCases.SimplilearnLoginTest.Test1()]]>
              </value>
            </param>
          </params>
          <reporter-output>
          </reporter-output>
        </test-method> <!-- setup -->
        <test-method signature="Test1()[pri:0, instance:testCases.SimplilearnLoginTest@56c4278e]" started-at="2022-09-17T04:38:32Z" name="Test1" finished-at="2022-09-17T04:38:42Z" duration-ms="9892" status="PASS">
          <reporter-output>
          </reporter-output>
        </test-method> <!-- Test1 -->
        <test-method is-config="true" signature="TearDown()[pri:0, instance:testCases.SimplilearnLoginTest@56c4278e]" started-at="2022-09-17T04:38:42Z" name="TearDown" finished-at="2022-09-17T04:38:44Z" duration-ms="2497" status="PASS">
          <reporter-output>
          </reporter-output>
        </test-method> <!-- TearDown -->
        <test-method is-config="true" signature="setup(java.lang.reflect.Method)[pri:0, instance:testCases.SimplilearnLoginTest@56c4278e]" started-at="2022-09-17T04:38:44Z" name="setup" finished-at="2022-09-17T04:38:47Z" duration-ms="3012" status="PASS">
          <params>
            <param index="0">
              <value>
                <![CDATA[public void testCases.SimplilearnLoginTest.Test2(java.lang.String,java.lang.String)]]>
              </value>
            </param>
          </params>
          <reporter-output>
          </reporter-output>
        </test-method> <!-- setup -->
        <test-method signature="Test2(java.lang.String, java.lang.String)[pri:0, instance:testCases.SimplilearnLoginTest@56c4278e]" started-at="2022-09-17T04:38:47Z" name="Test2" finished-at="2022-09-17T04:38:56Z" duration-ms="8902" status="PASS">
          <params>
            <param index="0">
              <value>
                <![CDATA[abc@xyz.com]]>
              </value>
            </param>
            <param index="1">
              <value>
                <![CDATA[Abc@1234]]>
              </value>
            </param>
          </params>
          <reporter-output>
          </reporter-output>
        </test-method> <!-- Test2 -->
        <test-method is-config="true" signature="TearDown()[pri:0, instance:testCases.SimplilearnLoginTest@56c4278e]" started-at="2022-09-17T04:38:56Z" name="TearDown" finished-at="2022-09-17T04:38:56Z" duration-ms="200" status="PASS">
          <reporter-output>
          </reporter-output>
        </test-method> <!-- TearDown -->
        <test-method is-config="true" signature="setup(java.lang.reflect.Method)[pri:0, instance:testCases.SimplilearnLoginTest@56c4278e]" started-at="2022-09-17T04:38:56Z" name="setup" finished-at="2022-09-17T04:38:59Z" duration-ms="2931" status="PASS">
          <params>
            <param index="0">
              <value>
                <![CDATA[public void testCases.SimplilearnLoginTest.Test3()]]>
              </value>
            </param>
          </params>
          <reporter-output>
          </reporter-output>
        </test-method> <!-- setup -->
        <test-method signature="Test3()[pri:0, instance:testCases.SimplilearnLoginTest@56c4278e]" started-at="2022-09-17T04:38:59Z" name="Test3" finished-at="2022-09-17T04:39:06Z" duration-ms="6881" status="PASS">
          <reporter-output>
          </reporter-output>
        </test-method> <!-- Test3 -->
        <test-method is-config="true" signature="TearDown()[pri:0, instance:testCases.SimplilearnLoginTest@56c4278e]" started-at="2022-09-17T04:39:06Z" name="TearDown" finished-at="2022-09-17T04:39:06Z" duration-ms="176" status="PASS">
          <reporter-output>
          </reporter-output>
        </test-method> <!-- TearDown -->
        <test-method is-config="true" signature="DataClean()[pri:0, instance:testCases.SimplilearnLoginTest@56c4278e]" started-at="2022-09-17T04:39:06Z" name="DataClean" finished-at="2022-09-17T04:39:07Z" duration-ms="511" status="PASS">
          <reporter-output>
          </reporter-output>
        </test-method> <!-- DataClean -->
      </class> <!-- testCases.SimplilearnLoginTest -->
    </test> <!-- Test -->
  </suite> <!-- Suite -->
</testng-results>
