<?xml version="1.0" encoding="UTF-8"?>
<testng-results ignored="2" total="6" passed="4" failed="0" skipped="0">
  <reporter-output>
  </reporter-output>
  <suite started-at="2022-09-11T11:18:08 IST" name="Suite" finished-at="2022-09-11T11:19:00 IST" duration-ms="51944">
    <groups>
    </groups>
    <test started-at="2022-09-11T11:18:08 IST" name="Test" finished-at="2022-09-11T11:19:00 IST" duration-ms="51944">
      <class name="testCases.HomeTest">
        <test-method is-config="true" signature="setup()[pri:0, instance:testCases.HomeTest@6cd28fa7]" started-at="2022-09-11T11:18:55 IST" name="setup" finished-at="2022-09-11T11:19:00 IST" duration-ms="4221" status="PASS">
          <reporter-output>
          </reporter-output>
        </test-method> <!-- setup -->
        <test-method signature="Test1()[pri:0, instance:testCases.HomeTest@6cd28fa7]" started-at="2022-09-11T11:19:00 IST" name="Test1" finished-at="2022-09-11T11:19:00 IST" duration-ms="2" status="PASS">
          <reporter-output>
          </reporter-output>
        </test-method> <!-- Test1 -->
        <test-method is-config="true" signature="TearDown()[pri:0, instance:testCases.HomeTest@6cd28fa7]" started-at="2022-09-11T11:19:00 IST" name="TearDown" finished-at="2022-09-11T11:19:00 IST" duration-ms="498" status="PASS">
          <reporter-output>
          </reporter-output>
        </test-method> <!-- TearDown -->
      </class> <!-- testCases.HomeTest -->
      <class name="testCases.SimplilearnLoginTest">
        <test-method is-config="true" signature="DataSetup()[pri:0, instance:testCases.SimplilearnLoginTest@3f6b0be5]" started-at="2022-09-11T11:18:08 IST" name="DataSetup" finished-at="2022-09-11T11:18:10 IST" duration-ms="1308" status="PASS">
          <reporter-output>
          </reporter-output>
        </test-method> <!-- DataSetup -->
        <test-method is-config="true" signature="setup()[pri:0, instance:testCases.SimplilearnLoginTest@3f6b0be5]" started-at="2022-09-11T11:18:10 IST" name="setup" finished-at="2022-09-11T11:18:16 IST" duration-ms="6355" status="PASS">
          <reporter-output>
          </reporter-output>
        </test-method> <!-- setup -->
        <test-method signature="Test1()[pri:0, instance:testCases.SimplilearnLoginTest@3f6b0be5]" started-at="2022-09-11T11:18:16 IST" name="Test1" finished-at="2022-09-11T11:18:26 IST" duration-ms="9663" status="PASS">
          <reporter-output>
          </reporter-output>
        </test-method> <!-- Test1 -->
        <test-method is-config="true" signature="TearDown()[pri:0, instance:testCases.SimplilearnLoginTest@3f6b0be5]" started-at="2022-09-11T11:18:26 IST" name="TearDown" finished-at="2022-09-11T11:18:26 IST" duration-ms="291" status="PASS">
          <reporter-output>
          </reporter-output>
        </test-method> <!-- TearDown -->
        <test-method is-config="true" signature="setup()[pri:0, instance:testCases.SimplilearnLoginTest@3f6b0be5]" started-at="2022-09-11T11:18:26 IST" name="setup" finished-at="2022-09-11T11:18:30 IST" duration-ms="4002" status="PASS">
          <reporter-output>
          </reporter-output>
        </test-method> <!-- setup -->
        <test-method signature="Test2(java.lang.String,java.lang.String)[pri:0, instance:testCases.SimplilearnLoginTest@3f6b0be5]" started-at="2022-09-11T11:18:30 IST" name="Test2" finished-at="2022-09-11T11:18:40 IST" duration-ms="9825" status="PASS">
          <params>
            <param index="0">
              <value>
                <![CDATA[abc@xyz.com]]>
              </value>
            </param>
            <param index="1">
              <value>
                <![CDATA[Abc@1234]]>
              </value>
            </param>
          </params>
          <reporter-output>
          </reporter-output>
        </test-method> <!-- Test2 -->
        <test-method is-config="true" signature="TearDown()[pri:0, instance:testCases.SimplilearnLoginTest@3f6b0be5]" started-at="2022-09-11T11:18:40 IST" name="TearDown" finished-at="2022-09-11T11:18:40 IST" duration-ms="365" status="PASS">
          <reporter-output>
          </reporter-output>
        </test-method> <!-- TearDown -->
        <test-method is-config="true" signature="setup()[pri:0, instance:testCases.SimplilearnLoginTest@3f6b0be5]" started-at="2022-09-11T11:18:40 IST" name="setup" finished-at="2022-09-11T11:18:44 IST" duration-ms="4227" status="PASS">
          <reporter-output>
          </reporter-output>
        </test-method> <!-- setup -->
        <test-method signature="Test3()[pri:0, instance:testCases.SimplilearnLoginTest@3f6b0be5]" started-at="2022-09-11T11:18:44 IST" name="Test3" finished-at="2022-09-11T11:18:53 IST" duration-ms="8545" status="PASS">
          <reporter-output>
          </reporter-output>
        </test-method> <!-- Test3 -->
        <test-method is-config="true" signature="TearDown()[pri:0, instance:testCases.SimplilearnLoginTest@3f6b0be5]" started-at="2022-09-11T11:18:53 IST" name="TearDown" finished-at="2022-09-11T11:18:55 IST" duration-ms="2568" status="PASS">
          <reporter-output>
          </reporter-output>
        </test-method> <!-- TearDown -->
        <test-method is-config="true" signature="DataClean()[pri:0, instance:testCases.SimplilearnLoginTest@3f6b0be5]" started-at="2022-09-11T11:19:00 IST" name="DataClean" finished-at="2022-09-11T11:19:00 IST" duration-ms="1" status="PASS">
          <reporter-output>
          </reporter-output>
        </test-method> <!-- DataClean -->
      </class> <!-- testCases.SimplilearnLoginTest -->
    </test> <!-- Test -->
  </suite> <!-- Suite -->
</testng-results>
